<?xml version="1.0" encoding="UTF-8"?>
<!-- Generated by org.testng.reporters.JUnitXMLReporter -->
<testsuite hostname="PFTBLR-LT-142" ignored="0" name="Test" tests="25" failures="3" timestamp="08 Jan 2020 11:13:29 GMT" time="675.609" errors="0">
  <testcase name="VaildateUserLogin" time="41.777" classname="com.crm.qa.testcases.SanityScreenerTest"/>
  <testcase name="NavigateToLibraryPage" time="10.813" classname="com.crm.qa.testcases.SanityScreenerTest"/>
  <testcase name="DragandDropTheAssets" time="22.787" classname="com.crm.qa.testcases.SanityScreenerTest"/>
  <testcase name="InternalPublish" time="21.519" classname="com.crm.qa.testcases.SanityScreenerTest"/>
  <testcase name="ExternalPublish" time="45.835" classname="com.crm.qa.testcases.SanityScreenerTest"/>
  <testcase name="RequestExtension" time="14.786" classname="com.crm.qa.testcases.SanityScreenerTest"/>
  <testcase name="EditTheOrder" time="58.435" classname="com.crm.qa.testcases.SanityScreenerTest"/>
  <testcase name="ApproveRequestOrder" time="25.908" classname="com.crm.qa.testcases.SanityScreenerTest"/>
  <testcase name="ManualExpiry" time="4.271" classname="com.crm.qa.testcases.SanityScreenerTest">
    <failure type="org.openqa.selenium.WebDriverException" message="unknown error: Element &amp;lt;span onclick=&amp;quot;LoadTabUrl(&amp;apos;eyJJZCI6IjExMzciLCJJdGVtSWQiOiJTY3JlZW5lck91dGJveCIsIkRpc3BsYXlOYW1lIjoiT3V0Ym94IiwiSGFzQ2hpbGQiOmZhbHNlLCJJc09wZW4iOmZhbHNlLCJDaGlsZHJlbiI6bnVsbCwiVXJsIjoiL0JDL1Byb2R1Y3QvTW9kdWxlcy9EYXNoYm9hcmQvR2VuZXJpY0Rhc2hib2FyZC5hc3B4P2FjdGlvbj1PcmRlck1hbmFnZW1lbnQmYWN0aW9uVHlwZT1HZXREYXRhRm9yU2NyZWVuZXJPdXRib3gmSW5kZXhUeXBlPVNDUkVFTkVSIiwiQWRkaXRpb25hbEluZm8iOnsiVGVuYW50SWQiOiI1MDUxIiwiUG9zdENsaWNrRXZlbnQiOiJzY3JlZW5lck91dGJveFBvc3RDbGljaygpIiwiQWRkaXRpb25hbFRleHRJbmZvIjoiIn0sIklzV2ViVmlldyI6ZmFsc2UsIlN1YlRhYnMiOltdLCJTb3J0T3JkZXIiOjMwLCJEYXNoYm9hcmRDb25maWdJZCI6NDU3fQ==&amp;apos;)&amp;quot; id=&amp;quot;ScreenerOutbox&amp;quot; class=&amp;quot;scroll_tab_last tab_selected&amp;quot; style=&amp;quot;display: inline-block; zoom: 1; user-select: none;&amp;quot;&amp;gt;...&amp;lt;/span&amp;gt; is not clickable at point (298, 66). Other element would receive the click: &amp;lt;div id=&amp;quot;globalWaiting&amp;quot; class=&amp;quot;waiting&amp;quot; style=&amp;quot;display: block;&amp;quot;&amp;gt;...&amp;lt;/div&amp;gt;
  (Session info: chrome=73.0.3683.86)
  (Driver info: chromedriver=73.0.3683.20 (8e2b610813e167eee3619ac4ce6e42e3ec622017),platform=Windows NT 10.0.18362 x86_64) (WARNING: The server did not provide any stacktrace information)
Command duration or timeout: 0 milliseconds
Build info: version: &amp;apos;3.13.0&amp;apos;, revision: &amp;apos;2f0d292&amp;apos;, time: &amp;apos;2018-06-25T15:24:21.231Z&amp;apos;
System info: host: &amp;apos;PFTBLR-LT-142&amp;apos;, ip: &amp;apos;10.1.183.22&amp;apos;, os.name: &amp;apos;Windows 10&amp;apos;, os.arch: &amp;apos;amd64&amp;apos;, os.version: &amp;apos;10.0&amp;apos;, java.version: &amp;apos;1.8.0_201&amp;apos;
Driver info: org.openqa.selenium.chrome.ChromeDriver
Capabilities {acceptInsecureCerts: false, acceptSslCerts: false, applicationCacheEnabled: false, browserConnectionEnabled: false, browserName: chrome, chrome: {chromedriverVersion: 73.0.3683.20 (8e2b610813e16..., userDataDir: C:\Users\NAGESH~1.SHA\AppDa...}, cssSelectorsEnabled: true, databaseEnabled: false, goog:chromeOptions: {debuggerAddress: localhost:58195}, handlesAlerts: true, hasTouchScreen: false, javascriptEnabled: true, locationContextEnabled: true, mobileEmulationEnabled: false, nativeEvents: true, networkConnectionEnabled: false, pageLoadStrategy: normal, platform: XP, platformName: XP, proxy: Proxy(), rotatable: false, setWindowRect: true, strictFileInteractability: false, takesHeapSnapshot: true, takesScreenshot: true, timeouts: {implicit: 0, pageLoad: 300000, script: 30000}, unexpectedAlertBehaviour: ignore, unhandledPromptBehavior: ignore, version: 73.0.3683.86, webStorageEnabled: true}
Session ID: 3cd0b525d5b989287601ecbb93aa03b8">
      <![CDATA[org.openqa.selenium.WebDriverException: unknown error: Element <span onclick="LoadTabUrl('eyJJZCI6IjExMzciLCJJdGVtSWQiOiJTY3JlZW5lck91dGJveCIsIkRpc3BsYXlOYW1lIjoiT3V0Ym94IiwiSGFzQ2hpbGQiOmZhbHNlLCJJc09wZW4iOmZhbHNlLCJDaGlsZHJlbiI6bnVsbCwiVXJsIjoiL0JDL1Byb2R1Y3QvTW9kdWxlcy9EYXNoYm9hcmQvR2VuZXJpY0Rhc2hib2FyZC5hc3B4P2FjdGlvbj1PcmRlck1hbmFnZW1lbnQmYWN0aW9uVHlwZT1HZXREYXRhRm9yU2NyZWVuZXJPdXRib3gmSW5kZXhUeXBlPVNDUkVFTkVSIiwiQWRkaXRpb25hbEluZm8iOnsiVGVuYW50SWQiOiI1MDUxIiwiUG9zdENsaWNrRXZlbnQiOiJzY3JlZW5lck91dGJveFBvc3RDbGljaygpIiwiQWRkaXRpb25hbFRleHRJbmZvIjoiIn0sIklzV2ViVmlldyI6ZmFsc2UsIlN1YlRhYnMiOltdLCJTb3J0T3JkZXIiOjMwLCJEYXNoYm9hcmRDb25maWdJZCI6NDU3fQ==')" id="ScreenerOutbox" class="scroll_tab_last tab_selected" style="display: inline-block; zoom: 1; user-select: none;">...</span> is not clickable at point (298, 66). Other element would receive the click: <div id="globalWaiting" class="waiting" style="display: block;">...</div>
  (Session info: chrome=73.0.3683.86)
  (Driver info: chromedriver=73.0.3683.20 (8e2b610813e167eee3619ac4ce6e42e3ec622017),platform=Windows NT 10.0.18362 x86_64) (WARNING: The server did not provide any stacktrace information)
Command duration or timeout: 0 milliseconds
Build info: version: '3.13.0', revision: '2f0d292', time: '2018-06-25T15:24:21.231Z'
System info: host: 'PFTBLR-LT-142', ip: '10.1.183.22', os.name: 'Windows 10', os.arch: 'amd64', os.version: '10.0', java.version: '1.8.0_201'
Driver info: org.openqa.selenium.chrome.ChromeDriver
Capabilities {acceptInsecureCerts: false, acceptSslCerts: false, applicationCacheEnabled: false, browserConnectionEnabled: false, browserName: chrome, chrome: {chromedriverVersion: 73.0.3683.20 (8e2b610813e16..., userDataDir: C:\Users\NAGESH~1.SHA\AppDa...}, cssSelectorsEnabled: true, databaseEnabled: false, goog:chromeOptions: {debuggerAddress: localhost:58195}, handlesAlerts: true, hasTouchScreen: false, javascriptEnabled: true, locationContextEnabled: true, mobileEmulationEnabled: false, nativeEvents: true, networkConnectionEnabled: false, pageLoadStrategy: normal, platform: XP, platformName: XP, proxy: Proxy(), rotatable: false, setWindowRect: true, strictFileInteractability: false, takesHeapSnapshot: true, takesScreenshot: true, timeouts: {implicit: 0, pageLoad: 300000, script: 30000}, unexpectedAlertBehaviour: ignore, unhandledPromptBehavior: ignore, version: 73.0.3683.86, webStorageEnabled: true}
Session ID: 3cd0b525d5b989287601ecbb93aa03b8
	at org.openqa.selenium.remote.ErrorHandler.createThrowable(ErrorHandler.java:214)
	at org.openqa.selenium.remote.ErrorHandler.throwIfResponseFailed(ErrorHandler.java:166)
	at org.openqa.selenium.remote.http.JsonHttpResponseCodec.reconstructValue(JsonHttpResponseCodec.java:40)
	at org.openqa.selenium.remote.http.AbstractHttpResponseCodec.decode(AbstractHttpResponseCodec.java:80)
	at org.openqa.selenium.remote.http.AbstractHttpResponseCodec.decode(AbstractHttpResponseCodec.java:44)
	at org.openqa.selenium.remote.HttpCommandExecutor.execute(HttpCommandExecutor.java:158)
	at org.openqa.selenium.remote.service.DriverCommandExecutor.execute(DriverCommandExecutor.java:83)
	at org.openqa.selenium.remote.RemoteWebDriver.execute(RemoteWebDriver.java:548)
	at org.openqa.selenium.remote.RemoteWebElement.execute(RemoteWebElement.java:276)
	at org.openqa.selenium.remote.RemoteWebElement.click(RemoteWebElement.java:83)
	at org.openqa.selenium.support.pagefactory.internal.LocatingElementHandler.invoke(LocatingElementHandler.java:51)
	at com.sun.proxy.$Proxy10.click(Unknown Source)
	at com.crm.qa.pages.ScreenerOutboxPage.ClickonOutboxtab(ScreenerOutboxPage.java:118)
	at com.crm.qa.testcases.SanityScreenerTest.ManualExpiry(SanityScreenerTest.java:184)
... Removed 32 stack frames]]>
    </failure>
  </testcase> <!-- ManualExpiry -->
  <testcase name="RequestNewLink" time="63.132" classname="com.crm.qa.testcases.SanityScreenerTest">
    <failure type="org.openqa.selenium.NoSuchElementException" message="no such element: Unable to locate element: {&amp;quot;method&amp;quot;:&amp;quot;id&amp;quot;,&amp;quot;selector&amp;quot;:&amp;quot;RequestComments&amp;quot;}
  (Session info: chrome=73.0.3683.86)
  (Driver info: chromedriver=73.0.3683.20 (8e2b610813e167eee3619ac4ce6e42e3ec622017),platform=Windows NT 10.0.18362 x86_64) (WARNING: The server did not provide any stacktrace information)
Command duration or timeout: 0 milliseconds
For documentation on this error, please visit: http://seleniumhq.org/exceptions/no_such_element.html
Build info: version: &amp;apos;3.13.0&amp;apos;, revision: &amp;apos;2f0d292&amp;apos;, time: &amp;apos;2018-06-25T15:24:21.231Z&amp;apos;
System info: host: &amp;apos;PFTBLR-LT-142&amp;apos;, ip: &amp;apos;10.1.183.22&amp;apos;, os.name: &amp;apos;Windows 10&amp;apos;, os.arch: &amp;apos;amd64&amp;apos;, os.version: &amp;apos;10.0&amp;apos;, java.version: &amp;apos;1.8.0_201&amp;apos;
Driver info: org.openqa.selenium.chrome.ChromeDriver
Capabilities {acceptInsecureCerts: false, acceptSslCerts: false, applicationCacheEnabled: false, browserConnectionEnabled: false, browserName: chrome, chrome: {chromedriverVersion: 73.0.3683.20 (8e2b610813e16..., userDataDir: C:\Users\NAGESH~1.SHA\AppDa...}, cssSelectorsEnabled: true, databaseEnabled: false, goog:chromeOptions: {debuggerAddress: localhost:58195}, handlesAlerts: true, hasTouchScreen: false, javascriptEnabled: true, locationContextEnabled: true, mobileEmulationEnabled: false, nativeEvents: true, networkConnectionEnabled: false, pageLoadStrategy: normal, platform: XP, platformName: XP, proxy: Proxy(), rotatable: false, setWindowRect: true, strictFileInteractability: false, takesHeapSnapshot: true, takesScreenshot: true, timeouts: {implicit: 0, pageLoad: 300000, script: 30000}, unexpectedAlertBehaviour: ignore, unhandledPromptBehavior: ignore, version: 73.0.3683.86, webStorageEnabled: true}
Session ID: 3cd0b525d5b989287601ecbb93aa03b8
*** Element info: {Using=id, value=RequestComments}">
      <![CDATA[org.openqa.selenium.NoSuchElementException: no such element: Unable to locate element: {"method":"id","selector":"RequestComments"}
  (Session info: chrome=73.0.3683.86)
  (Driver info: chromedriver=73.0.3683.20 (8e2b610813e167eee3619ac4ce6e42e3ec622017),platform=Windows NT 10.0.18362 x86_64) (WARNING: The server did not provide any stacktrace information)
Command duration or timeout: 0 milliseconds
For documentation on this error, please visit: http://seleniumhq.org/exceptions/no_such_element.html
Build info: version: '3.13.0', revision: '2f0d292', time: '2018-06-25T15:24:21.231Z'
System info: host: 'PFTBLR-LT-142', ip: '10.1.183.22', os.name: 'Windows 10', os.arch: 'amd64', os.version: '10.0', java.version: '1.8.0_201'
Driver info: org.openqa.selenium.chrome.ChromeDriver
Capabilities {acceptInsecureCerts: false, acceptSslCerts: false, applicationCacheEnabled: false, browserConnectionEnabled: false, browserName: chrome, chrome: {chromedriverVersion: 73.0.3683.20 (8e2b610813e16..., userDataDir: C:\Users\NAGESH~1.SHA\AppDa...}, cssSelectorsEnabled: true, databaseEnabled: false, goog:chromeOptions: {debuggerAddress: localhost:58195}, handlesAlerts: true, hasTouchScreen: false, javascriptEnabled: true, locationContextEnabled: true, mobileEmulationEnabled: false, nativeEvents: true, networkConnectionEnabled: false, pageLoadStrategy: normal, platform: XP, platformName: XP, proxy: Proxy(), rotatable: false, setWindowRect: true, strictFileInteractability: false, takesHeapSnapshot: true, takesScreenshot: true, timeouts: {implicit: 0, pageLoad: 300000, script: 30000}, unexpectedAlertBehaviour: ignore, unhandledPromptBehavior: ignore, version: 73.0.3683.86, webStorageEnabled: true}
Session ID: 3cd0b525d5b989287601ecbb93aa03b8
*** Element info: {Using=id, value=RequestComments}
	at org.openqa.selenium.remote.ErrorHandler.createThrowable(ErrorHandler.java:214)
	at org.openqa.selenium.remote.ErrorHandler.throwIfResponseFailed(ErrorHandler.java:166)
	at org.openqa.selenium.remote.http.JsonHttpResponseCodec.reconstructValue(JsonHttpResponseCodec.java:40)
	at org.openqa.selenium.remote.http.AbstractHttpResponseCodec.decode(AbstractHttpResponseCodec.java:80)
	at org.openqa.selenium.remote.http.AbstractHttpResponseCodec.decode(AbstractHttpResponseCodec.java:44)
	at org.openqa.selenium.remote.HttpCommandExecutor.execute(HttpCommandExecutor.java:158)
	at org.openqa.selenium.remote.service.DriverCommandExecutor.execute(DriverCommandExecutor.java:83)
	at org.openqa.selenium.remote.RemoteWebDriver.execute(RemoteWebDriver.java:548)
	at org.openqa.selenium.remote.RemoteWebDriver.findElement(RemoteWebDriver.java:322)
	at org.openqa.selenium.remote.RemoteWebDriver.findElementById(RemoteWebDriver.java:368)
	at org.openqa.selenium.By$ById.findElement(By.java:188)
	at org.openqa.selenium.remote.RemoteWebDriver.findElement(RemoteWebDriver.java:314)
	at org.openqa.selenium.support.pagefactory.DefaultElementLocator.findElement(DefaultElementLocator.java:69)
	at org.openqa.selenium.support.pagefactory.internal.LocatingElementHandler.invoke(LocatingElementHandler.java:38)
	at com.sun.proxy.$Proxy10.click(Unknown Source)
	at com.crm.qa.pages.ScreenerInboxpage.RequestNewLink(ScreenerInboxpage.java:195)
	at com.crm.qa.testcases.SanityScreenerTest.RequestNewLink(SanityScreenerTest.java:201)
... Removed 29 stack frames]]>
    </failure>
  </testcase> <!-- RequestNewLink -->
  <testcase name="RequestAgain" time="54.816" classname="com.crm.qa.testcases.SanityScreenerTest">
    <failure type="org.openqa.selenium.ElementNotVisibleException" message="element not interactable
  (Session info: chrome=73.0.3683.86)
  (Driver info: chromedriver=73.0.3683.20 (8e2b610813e167eee3619ac4ce6e42e3ec622017),platform=Windows NT 10.0.18362 x86_64) (WARNING: The server did not provide any stacktrace information)
Command duration or timeout: 0 milliseconds
Build info: version: &amp;apos;3.13.0&amp;apos;, revision: &amp;apos;2f0d292&amp;apos;, time: &amp;apos;2018-06-25T15:24:21.231Z&amp;apos;
System info: host: &amp;apos;PFTBLR-LT-142&amp;apos;, ip: &amp;apos;10.1.183.22&amp;apos;, os.name: &amp;apos;Windows 10&amp;apos;, os.arch: &amp;apos;amd64&amp;apos;, os.version: &amp;apos;10.0&amp;apos;, java.version: &amp;apos;1.8.0_201&amp;apos;
Driver info: org.openqa.selenium.chrome.ChromeDriver
Capabilities {acceptInsecureCerts: false, acceptSslCerts: false, applicationCacheEnabled: false, browserConnectionEnabled: false, browserName: chrome, chrome: {chromedriverVersion: 73.0.3683.20 (8e2b610813e16..., userDataDir: C:\Users\NAGESH~1.SHA\AppDa...}, cssSelectorsEnabled: true, databaseEnabled: false, goog:chromeOptions: {debuggerAddress: localhost:58195}, handlesAlerts: true, hasTouchScreen: false, javascriptEnabled: true, locationContextEnabled: true, mobileEmulationEnabled: false, nativeEvents: true, networkConnectionEnabled: false, pageLoadStrategy: normal, platform: XP, platformName: XP, proxy: Proxy(), rotatable: false, setWindowRect: true, strictFileInteractability: false, takesHeapSnapshot: true, takesScreenshot: true, timeouts: {implicit: 0, pageLoad: 300000, script: 30000}, unexpectedAlertBehaviour: ignore, unhandledPromptBehavior: ignore, version: 73.0.3683.86, webStorageEnabled: true}
Session ID: 3cd0b525d5b989287601ecbb93aa03b8">
      <![CDATA[org.openqa.selenium.ElementNotVisibleException: element not interactable
  (Session info: chrome=73.0.3683.86)
  (Driver info: chromedriver=73.0.3683.20 (8e2b610813e167eee3619ac4ce6e42e3ec622017),platform=Windows NT 10.0.18362 x86_64) (WARNING: The server did not provide any stacktrace information)
Command duration or timeout: 0 milliseconds
Build info: version: '3.13.0', revision: '2f0d292', time: '2018-06-25T15:24:21.231Z'
System info: host: 'PFTBLR-LT-142', ip: '10.1.183.22', os.name: 'Windows 10', os.arch: 'amd64', os.version: '10.0', java.version: '1.8.0_201'
Driver info: org.openqa.selenium.chrome.ChromeDriver
Capabilities {acceptInsecureCerts: false, acceptSslCerts: false, applicationCacheEnabled: false, browserConnectionEnabled: false, browserName: chrome, chrome: {chromedriverVersion: 73.0.3683.20 (8e2b610813e16..., userDataDir: C:\Users\NAGESH~1.SHA\AppDa...}, cssSelectorsEnabled: true, databaseEnabled: false, goog:chromeOptions: {debuggerAddress: localhost:58195}, handlesAlerts: true, hasTouchScreen: false, javascriptEnabled: true, locationContextEnabled: true, mobileEmulationEnabled: false, nativeEvents: true, networkConnectionEnabled: false, pageLoadStrategy: normal, platform: XP, platformName: XP, proxy: Proxy(), rotatable: false, setWindowRect: true, strictFileInteractability: false, takesHeapSnapshot: true, takesScreenshot: true, timeouts: {implicit: 0, pageLoad: 300000, script: 30000}, unexpectedAlertBehaviour: ignore, unhandledPromptBehavior: ignore, version: 73.0.3683.86, webStorageEnabled: true}
Session ID: 3cd0b525d5b989287601ecbb93aa03b8
	at org.openqa.selenium.remote.ErrorHandler.createThrowable(ErrorHandler.java:214)
	at org.openqa.selenium.remote.ErrorHandler.throwIfResponseFailed(ErrorHandler.java:166)
	at org.openqa.selenium.remote.http.JsonHttpResponseCodec.reconstructValue(JsonHttpResponseCodec.java:40)
	at org.openqa.selenium.remote.http.AbstractHttpResponseCodec.decode(AbstractHttpResponseCodec.java:80)
	at org.openqa.selenium.remote.http.AbstractHttpResponseCodec.decode(AbstractHttpResponseCodec.java:44)
	at org.openqa.selenium.remote.HttpCommandExecutor.execute(HttpCommandExecutor.java:158)
	at org.openqa.selenium.remote.service.DriverCommandExecutor.execute(DriverCommandExecutor.java:83)
	at org.openqa.selenium.remote.RemoteWebDriver.execute(RemoteWebDriver.java:548)
	at org.openqa.selenium.remote.RemoteWebElement.execute(RemoteWebElement.java:276)
	at org.openqa.selenium.remote.RemoteWebElement.click(RemoteWebElement.java:83)
	at org.openqa.selenium.support.pagefactory.internal.LocatingElementHandler.invoke(LocatingElementHandler.java:51)
	at com.sun.proxy.$Proxy10.click(Unknown Source)
	at com.crm.qa.pages.ScreenerInboxpage.RequestAgain(ScreenerInboxpage.java:206)
	at com.crm.qa.testcases.SanityScreenerTest.RequestAgain(SanityScreenerTest.java:210)
... Removed 32 stack frames]]>
    </failure>
  </testcase> <!-- RequestAgain -->
  <testcase name="ExtendExpiry" time="23.036" classname="com.crm.qa.testcases.SanityScreenerTest"/>
  <testcase name="DeleteSingleAsset" time="21.957" classname="com.crm.qa.testcases.SanityScreenerTest"/>
  <testcase name="DeletePublishOrder" time="17.456" classname="com.crm.qa.testcases.SanityScreenerTest"/>
  <testcase name="Logout" time="12.294" classname="com.crm.qa.testcases.SanityScreenerTest"/>
  <testcase name="ExternalUser_UseCase" time="0.005" classname="com.crm.qa.testcases.SanityScreenerTest"/>
  <testcase name="ExternalUser_LaunchURL" time="31.056" classname="com.crm.qa.testcases.SanityScreenerTest"/>
  <testcase name="ExternalUser_Login" time="56.384" classname="com.crm.qa.testcases.SanityScreenerTest"/>
  <testcase name="CancelRequest" time="15.884" classname="com.crm.qa.testcases.SanityScreenerTest"/>
  <testcase name="Validate_Metadata_Icon" time="19.787" classname="com.crm.qa.testcases.SanityScreenerTest"/>
  <testcase name="Validate_Download_Icon" time="24.015" classname="com.crm.qa.testcases.SanityScreenerTest"/>
  <testcase name="Validate_Play_Icon" time="32.416" classname="com.crm.qa.testcases.SanityScreenerTest"/>
  <testcase name="ShareOredr" time="13.657" classname="com.crm.qa.testcases.SanityScreenerTest"/>
  <testcase name="ValidateRefreshBtn" time="4.319" classname="com.crm.qa.testcases.SanityScreenerTest"/>
  <testcase name="ValidateShareCount" time="0.087" classname="com.crm.qa.testcases.SanityScreenerTest"/>
</testsuite> <!-- Test -->
